[2021-07-31 11:00:52.954] [exthost] [info] extension host started
[2021-07-31 11:00:52.954] [exthost] [info] Skipping acquiring lock for /home/max/.config/Code/User/workspaceStorage/f422307df47d005992fbac7932c38464.
[2021-07-31 11:00:53.019] [exthost] [info] ExtensionService#_doActivateExtension vscode.microsoft-authentication {"startup":false,"extensionId":{"value":"vscode.microsoft-authentication","_lower":"vscode.microsoft-authentication"},"activationEvent":"onAuthenticationRequest:microsoft"}
[2021-07-31 11:00:53.019] [exthost] [info] ExtensionService#loadCommonJSModule file:///snap/code/70/usr/share/code/resources/app/extensions/microsoft-authentication/dist/extension.js
[2021-07-31 11:00:53.029] [exthost] [info] ExtensionService#_doActivateExtension vscode.debug-auto-launch {"startup":true,"extensionId":{"value":"vscode.debug-auto-launch","_lower":"vscode.debug-auto-launch"},"activationEvent":"*"}
[2021-07-31 11:00:53.029] [exthost] [info] ExtensionService#loadCommonJSModule file:///snap/code/70/usr/share/code/resources/app/extensions/debug-auto-launch/dist/extension
[2021-07-31 11:00:53.031] [exthost] [info] ExtensionService#_doActivateExtension vscode.git {"startup":true,"extensionId":{"value":"vscode.github","_lower":"vscode.github"},"activationEvent":"*"}
[2021-07-31 11:00:53.031] [exthost] [info] ExtensionService#loadCommonJSModule file:///snap/code/70/usr/share/code/resources/app/extensions/git/dist/main
[2021-07-31 11:00:53.051] [exthost] [info] ExtensionService#_doActivateExtension vscodevim.vim {"startup":true,"extensionId":{"value":"vscodevim.vim","_lower":"vscodevim.vim"},"activationEvent":"*"}
[2021-07-31 11:00:53.051] [exthost] [info] ExtensionService#loadCommonJSModule file:///home/max/.vscode/extensions/vscodevim.vim-1.21.5/out/extension
[2021-07-31 11:00:53.185] [exthost] [info] ExtensionService#_doActivateExtension vscode.github {"startup":true,"extensionId":{"value":"vscode.github","_lower":"vscode.github"},"activationEvent":"*"}
[2021-07-31 11:00:53.185] [exthost] [info] ExtensionService#loadCommonJSModule file:///snap/code/70/usr/share/code/resources/app/extensions/github/dist/extension.js
[2021-07-31 11:00:53.238] [exthost] [info] eager extensions activated
[2021-07-31 11:00:53.280] [exthost] [info] ExtensionService#_doActivateExtension ms-vscode.js-debug {"startup":false,"extensionId":{"value":"ms-vscode.js-debug","_lower":"ms-vscode.js-debug"},"activationEvent":"onCommand:extension.js-debug.clearAutoAttachVariables"}
[2021-07-31 11:00:53.280] [exthost] [info] ExtensionService#loadCommonJSModule file:///snap/code/70/usr/share/code/resources/app/extensions/ms-vscode.js-debug/src/extension.js
[2021-07-31 11:00:53.379] [exthost] [info] ExtensionService#_doActivateExtension vscode.emmet {"startup":false,"extensionId":{"value":"vscode.emmet","_lower":"vscode.emmet"},"activationEvent":"onStartupFinished"}
[2021-07-31 11:00:53.379] [exthost] [info] ExtensionService#loadCommonJSModule file:///snap/code/70/usr/share/code/resources/app/extensions/emmet/dist/node/emmetNodeMain
[2021-07-31 11:00:53.384] [exthost] [info] ExtensionService#_doActivateExtension vscode.merge-conflict {"startup":false,"extensionId":{"value":"vscode.merge-conflict","_lower":"vscode.merge-conflict"},"activationEvent":"onStartupFinished"}
[2021-07-31 11:00:53.384] [exthost] [info] ExtensionService#loadCommonJSModule file:///snap/code/70/usr/share/code/resources/app/extensions/merge-conflict/dist/mergeConflictMain
[2021-07-31 11:00:53.386] [exthost] [info] ExtensionService#_doActivateExtension vscode.testing-editor-contributions {"startup":false,"extensionId":{"value":"vscode.testing-editor-contributions","_lower":"vscode.testing-editor-contributions"},"activationEvent":"onStartupFinished"}
[2021-07-31 11:00:53.387] [exthost] [info] ExtensionService#loadCommonJSModule file:///snap/code/70/usr/share/code/resources/app/extensions/testing-editor-contributions/dist/extension.js
[2021-07-31 11:00:53.422] [exthost] [info] ExtensionService#_doActivateExtension vscode.github-authentication {"startup":false,"extensionId":{"value":"vscode.github-authentication","_lower":"vscode.github-authentication"},"activationEvent":"onAuthenticationRequest:github"}
[2021-07-31 11:00:53.422] [exthost] [info] ExtensionService#loadCommonJSModule file:///snap/code/70/usr/share/code/resources/app/extensions/github-authentication/dist/extension.js
[2021-07-31 11:12:25.985] [exthost] [info] ExtensionService#_doActivateExtension vscode.configuration-editing {"startup":false,"extensionId":{"value":"vscode.configuration-editing","_lower":"vscode.configuration-editing"},"activationEvent":"onLanguage:jsonc"}
[2021-07-31 11:12:25.985] [exthost] [info] ExtensionService#loadCommonJSModule file:///snap/code/70/usr/share/code/resources/app/extensions/configuration-editing/dist/configurationEditingMain
[2021-07-31 11:12:25.989] [exthost] [info] ExtensionService#_doActivateExtension vscode.json-language-features {"startup":false,"extensionId":{"value":"vscode.json-language-features","_lower":"vscode.json-language-features"},"activationEvent":"onLanguage:jsonc"}
[2021-07-31 11:12:25.989] [exthost] [info] ExtensionService#loadCommonJSModule file:///snap/code/70/usr/share/code/resources/app/extensions/json-language-features/client/dist/node/jsonClientMain
[2021-07-31 11:12:26.006] [exthost] [info] ExtensionService#_doActivateExtension vscode.typescript-language-features {"startup":false,"extensionId":{"value":"vscode.typescript-language-features","_lower":"vscode.typescript-language-features"},"activationEvent":"onLanguage:jsonc"}
[2021-07-31 11:12:26.006] [exthost] [info] ExtensionService#loadCommonJSModule file:///snap/code/70/usr/share/code/resources/app/extensions/typescript-language-features/dist/extension
[2021-07-31 11:23:28.331] [exthost] [info] extension host terminating: renderer closed the socket
[2021-07-31 11:23:28.353] [exthost] [error] Error: ENOENT: no such file or directory, open '/home/max/.config/Code/User/globalStorage/vscodevim.vim/.registers'
