[2021-07-31 10:34:27.084] [sharedprocess] [info] [logs cleanup]: Starting to clean up old logs.
[2021-07-31 10:34:47.087] [sharedprocess] [info] [code cache cleanup]: Starting to clean up old code cache folders.
[2021-07-31 10:34:47.088] [sharedprocess] [info] [storage cleanup]: Starting to clean up storage folders.
[2021-07-31 10:34:57.086] [sharedprocess] [info] [language pack cache cleanup]: Starting to clean up unused language packs.
[2021-07-31 10:52:43.257] [sharedprocess] [info] Installing extension: ms-python.python
[2021-07-31 10:52:44.461] [sharedprocess] [info] Installing extension: ms-toolsai.jupyter
[2021-07-31 10:52:44.461] [sharedprocess] [info] Installing extension: ms-python.vscode-pylance
[2021-07-31 10:52:47.493] [sharedprocess] [info] Downloaded extension: ms-python.python /home/max/.config/Code/CachedExtensionVSIXs/ms-python.python-2021.7.1060902895
[2021-07-31 10:52:48.704] [sharedprocess] [info] Downloaded extension: ms-toolsai.jupyter /home/max/.config/Code/CachedExtensionVSIXs/ms-toolsai.jupyter-2021.8.1054968649
[2021-07-31 10:52:49.930] [sharedprocess] [info] Extracted extension to /home/max/.vscode/extensions/.d8cae960-36e2-4531-96ca-999cda63b667: ms-toolsai.jupyter
[2021-07-31 10:52:49.944] [sharedprocess] [info] Renamed to /home/max/.vscode/extensions/ms-toolsai.jupyter-2021.8.1054968649
[2021-07-31 10:52:49.950] [sharedprocess] [info] Installation completed. ms-toolsai.jupyter
[2021-07-31 10:52:49.959] [sharedprocess] [info] Extensions installed successfully: ms-toolsai.jupyter
[2021-07-31 10:52:51.055] [sharedprocess] [info] Extracted extension to /home/max/.vscode/extensions/.2b5bb7c6-c404-488a-9ab3-974dc6400159: ms-python.python
[2021-07-31 10:52:51.068] [sharedprocess] [info] Renamed to /home/max/.vscode/extensions/ms-python.python-2021.7.1060902895
[2021-07-31 10:52:51.070] [sharedprocess] [info] Installation completed. ms-python.python
[2021-07-31 10:52:51.081] [sharedprocess] [info] Extensions installed successfully: ms-python.python
[2021-07-31 10:52:53.721] [sharedprocess] [info] Downloaded extension: ms-python.vscode-pylance /home/max/.config/Code/CachedExtensionVSIXs/ms-python.vscode-pylance-2021.7.7
[2021-07-31 10:52:56.014] [sharedprocess] [info] Extracted extension to /home/max/.vscode/extensions/.7782f690-45b3-4f5f-a6cd-02548fb00476: ms-python.vscode-pylance
[2021-07-31 10:52:56.031] [sharedprocess] [info] Renamed to /home/max/.vscode/extensions/ms-python.vscode-pylance-2021.7.7
[2021-07-31 10:52:56.036] [sharedprocess] [info] Installation completed. ms-python.vscode-pylance
[2021-07-31 10:52:56.052] [sharedprocess] [info] Extensions installed successfully: ms-python.vscode-pylance
[2021-07-31 10:52:57.454] [sharedprocess] [info] Installing extension: vscodevim.vim
[2021-07-31 10:52:58.931] [sharedprocess] [info] Downloaded extension: vscodevim.vim /home/max/.config/Code/CachedExtensionVSIXs/vscodevim.vim-1.21.5
[2021-07-31 10:52:59.019] [sharedprocess] [info] Extracted extension to /home/max/.vscode/extensions/.4b3ceffb-11b3-42e1-8023-a79ec82b5cfc: vscodevim.vim
[2021-07-31 10:52:59.027] [sharedprocess] [info] Renamed to /home/max/.vscode/extensions/vscodevim.vim-1.21.5
[2021-07-31 10:52:59.029] [sharedprocess] [info] Installation completed. vscodevim.vim
[2021-07-31 10:52:59.035] [sharedprocess] [info] Extensions installed successfully: vscodevim.vim
