[2021-07-31 12:31:08.293] [exthost] [info] extension host started
[2021-07-31 12:31:08.293] [exthost] [info] Skipping acquiring lock for /home/max/.config/Code/User/workspaceStorage/f422307df47d005992fbac7932c38464.
[2021-07-31 12:31:08.350] [exthost] [info] ExtensionService#_doActivateExtension vscode.microsoft-authentication {"startup":false,"extensionId":{"value":"vscode.microsoft-authentication","_lower":"vscode.microsoft-authentication"},"activationEvent":"onAuthenticationRequest:microsoft"}
[2021-07-31 12:31:08.350] [exthost] [info] ExtensionService#loadCommonJSModule file:///snap/code/70/usr/share/code/resources/app/extensions/microsoft-authentication/dist/extension.js
[2021-07-31 12:31:08.363] [exthost] [info] ExtensionService#_doActivateExtension vscode.debug-auto-launch {"startup":true,"extensionId":{"value":"vscode.debug-auto-launch","_lower":"vscode.debug-auto-launch"},"activationEvent":"*"}
[2021-07-31 12:31:08.363] [exthost] [info] ExtensionService#loadCommonJSModule file:///snap/code/70/usr/share/code/resources/app/extensions/debug-auto-launch/dist/extension
[2021-07-31 12:31:08.366] [exthost] [info] ExtensionService#_doActivateExtension vscode.git {"startup":true,"extensionId":{"value":"vscode.github","_lower":"vscode.github"},"activationEvent":"*"}
[2021-07-31 12:31:08.366] [exthost] [info] ExtensionService#loadCommonJSModule file:///snap/code/70/usr/share/code/resources/app/extensions/git/dist/main
[2021-07-31 12:31:08.393] [exthost] [info] ExtensionService#_doActivateExtension vscodevim.vim {"startup":true,"extensionId":{"value":"vscodevim.vim","_lower":"vscodevim.vim"},"activationEvent":"*"}
[2021-07-31 12:31:08.393] [exthost] [info] ExtensionService#loadCommonJSModule file:///home/max/.vscode/extensions/vscodevim.vim-1.21.5/out/extension
[2021-07-31 12:31:08.555] [exthost] [info] ExtensionService#_doActivateExtension vscode.github {"startup":true,"extensionId":{"value":"vscode.github","_lower":"vscode.github"},"activationEvent":"*"}
[2021-07-31 12:31:08.556] [exthost] [info] ExtensionService#loadCommonJSModule file:///snap/code/70/usr/share/code/resources/app/extensions/github/dist/extension.js
[2021-07-31 12:31:08.610] [exthost] [info] eager extensions activated
[2021-07-31 12:31:08.651] [exthost] [info] ExtensionService#_doActivateExtension ms-vscode.js-debug {"startup":false,"extensionId":{"value":"ms-vscode.js-debug","_lower":"ms-vscode.js-debug"},"activationEvent":"onCommand:extension.js-debug.clearAutoAttachVariables"}
[2021-07-31 12:31:08.651] [exthost] [info] ExtensionService#loadCommonJSModule file:///snap/code/70/usr/share/code/resources/app/extensions/ms-vscode.js-debug/src/extension.js
[2021-07-31 12:31:08.744] [exthost] [info] ExtensionService#_doActivateExtension vscode.emmet {"startup":false,"extensionId":{"value":"vscode.emmet","_lower":"vscode.emmet"},"activationEvent":"onStartupFinished"}
[2021-07-31 12:31:08.744] [exthost] [info] ExtensionService#loadCommonJSModule file:///snap/code/70/usr/share/code/resources/app/extensions/emmet/dist/node/emmetNodeMain
[2021-07-31 12:31:08.750] [exthost] [info] ExtensionService#_doActivateExtension vscode.merge-conflict {"startup":false,"extensionId":{"value":"vscode.merge-conflict","_lower":"vscode.merge-conflict"},"activationEvent":"onStartupFinished"}
[2021-07-31 12:31:08.750] [exthost] [info] ExtensionService#loadCommonJSModule file:///snap/code/70/usr/share/code/resources/app/extensions/merge-conflict/dist/mergeConflictMain
[2021-07-31 12:31:08.752] [exthost] [info] ExtensionService#_doActivateExtension vscode.testing-editor-contributions {"startup":false,"extensionId":{"value":"vscode.testing-editor-contributions","_lower":"vscode.testing-editor-contributions"},"activationEvent":"onStartupFinished"}
[2021-07-31 12:31:08.752] [exthost] [info] ExtensionService#loadCommonJSModule file:///snap/code/70/usr/share/code/resources/app/extensions/testing-editor-contributions/dist/extension.js
[2021-07-31 12:31:08.820] [exthost] [info] ExtensionService#_doActivateExtension vscode.github-authentication {"startup":false,"extensionId":{"value":"vscode.github-authentication","_lower":"vscode.github-authentication"},"activationEvent":"onAuthenticationRequest:github"}
[2021-07-31 12:31:08.821] [exthost] [info] ExtensionService#loadCommonJSModule file:///snap/code/70/usr/share/code/resources/app/extensions/github-authentication/dist/extension.js
[2021-07-31 12:31:17.868] [exthost] [info] ExtensionService#_doActivateExtension vscode.configuration-editing {"startup":false,"extensionId":{"value":"vscode.configuration-editing","_lower":"vscode.configuration-editing"},"activationEvent":"onLanguage:jsonc"}
[2021-07-31 12:31:17.868] [exthost] [info] ExtensionService#loadCommonJSModule file:///snap/code/70/usr/share/code/resources/app/extensions/configuration-editing/dist/configurationEditingMain
[2021-07-31 12:31:17.871] [exthost] [info] ExtensionService#_doActivateExtension vscode.json-language-features {"startup":false,"extensionId":{"value":"vscode.json-language-features","_lower":"vscode.json-language-features"},"activationEvent":"onLanguage:jsonc"}
[2021-07-31 12:31:17.871] [exthost] [info] ExtensionService#loadCommonJSModule file:///snap/code/70/usr/share/code/resources/app/extensions/json-language-features/client/dist/node/jsonClientMain
[2021-07-31 12:31:17.893] [exthost] [info] ExtensionService#_doActivateExtension vscode.typescript-language-features {"startup":false,"extensionId":{"value":"vscode.typescript-language-features","_lower":"vscode.typescript-language-features"},"activationEvent":"onLanguage:jsonc"}
[2021-07-31 12:31:17.893] [exthost] [info] ExtensionService#loadCommonJSModule file:///snap/code/70/usr/share/code/resources/app/extensions/typescript-language-features/dist/extension
[2021-07-31 12:39:56.726] [exthost] [info] extension host terminating: renderer closed the socket
[2021-07-31 12:39:57.121] [exthost] [error] TypeError: Converting circular structure to JSON
    --> starting at object with constructor 't'
    |     property '_readableState' -> object with constructor 'C'
    |     property 'pipes' -> object with constructor 'Array'
    |     index 0 -> object with constructor 't.ConsoleForElectron'
    --- property 'parent' closes the circle
    at JSON.stringify (<anonymous>)
    at /home/max/.vscode/extensions/vscodevim.vim-1.21.5/src/register/register.ts:354:16
    at runMicrotasks (<anonymous>)
    at process.async (internal/process/task_queues.js:93:5)
    at Object.e.deactivate (/home/max/.vscode/extensions/vscodevim.vim-1.21.5/extension.ts:36:8)
    at async Promise.all (index 12)
    at u.deactivateAll (/snap/code/70/usr/share/code/resources/app/out/vs/workbench/services/extensions/node/extensionHostProcess.js:89:9983)
[2021-07-31 12:39:57.738] [exthost] [info] exiting with code 0
